[07-Dec-2018 15:35:04 UTC] PHP Warning:  mysqli::mysqli(): (HY000/1049): Unknown database 'SnippetDatabase' in /home/ubuntu/workspace/Server/php/dblogin.php on line 9
[07-Dec-2018 15:35:04 UTC] PHP Warning:  mysqli::mysqli(): (HY000/1049): Unknown database 'SnippetDatabase' in /home/ubuntu/workspace/Server/php/dblogin.php on line 9
[07-Dec-2018 15:35:05 UTC] PHP Stack trace:
[07-Dec-2018 15:35:05 UTC] PHP Stack trace:
[07-Dec-2018 15:35:05 UTC] PHP   1. {main}() /home/ubuntu/workspace/Server/php/commands.php:0
[07-Dec-2018 15:35:05 UTC] PHP   1. {main}() /home/ubuntu/workspace/Server/php/commands.php:0
[07-Dec-2018 15:35:05 UTC] PHP   2. dbConnection() /home/ubuntu/workspace/Server/php/commands.php:11
[07-Dec-2018 15:35:05 UTC] PHP   2. dbConnection() /home/ubuntu/workspace/Server/php/commands.php:11
[07-Dec-2018 15:35:05 UTC] PHP   3. mysqli->mysqli() /home/ubuntu/workspace/Server/php/dblogin.php:9
[07-Dec-2018 15:35:05 UTC] PHP   3. mysqli->mysqli() /home/ubuntu/workspace/Server/php/dblogin.php:9
[07-Dec-2018 15:35:05 UTC] PHP Warning:  mysqli::mysqli(): (HY000/1049): Unknown database 'SnippetDatabase' in /home/ubuntu/workspace/Server/php/dblogin.php on line 9
[07-Dec-2018 15:35:05 UTC] PHP Stack trace:
[07-Dec-2018 15:35:05 UTC] PHP   1. {main}() /home/ubuntu/workspace/Server/php/commands.php:0
[07-Dec-2018 15:35:05 UTC] PHP   2. dbConnection() /home/ubuntu/workspace/Server/php/commands.php:11
[07-Dec-2018 15:35:05 UTC] PHP   3. mysqli->mysqli() /home/ubuntu/workspace/Server/php/dblogin.php:9
[07-Dec-2018 15:35:17 UTC] PHP Warning:  mysqli::mysqli(): (HY000/1049): Unknown database 'SnippetDatabase' in /home/ubuntu/workspace/Server/php/dblogin.php on line 9
[07-Dec-2018 15:35:17 UTC] PHP Stack trace:
[07-Dec-2018 15:35:17 UTC] PHP   1. {main}() /home/ubuntu/workspace/Server/php/commands.php:0
[07-Dec-2018 15:35:17 UTC] PHP   2. dbConnection() /home/ubuntu/workspace/Server/php/commands.php:11
[07-Dec-2018 15:35:17 UTC] PHP   3. mysqli->mysqli() /home/ubuntu/workspace/Server/php/dblogin.php:9
[07-Dec-2018 15:35:35 UTC] PHP Warning:  mysqli::mysqli(): (HY000/1049): Unknown database 'SnippetDatabase' in /home/ubuntu/workspace/Server/php/dblogin.php on line 9
[07-Dec-2018 15:35:35 UTC] PHP Stack trace:
[07-Dec-2018 15:35:35 UTC] PHP   1. {main}() /home/ubuntu/workspace/Server/php/commands.php:0
[07-Dec-2018 15:35:35 UTC] PHP   2. dbConnection() /home/ubuntu/workspace/Server/php/commands.php:11
[07-Dec-2018 15:35:35 UTC] PHP   3. mysqli->mysqli() /home/ubuntu/workspace/Server/php/dblogin.php:9
[07-Dec-2018 15:35:56 UTC] PHP Warning:  mysqli::mysqli(): (HY000/1049): Unknown database 'SnippetDatabase' in /home/ubuntu/workspace/Server/php/dblogin.php on line 9
[07-Dec-2018 15:35:56 UTC] PHP Stack trace:
[07-Dec-2018 15:35:56 UTC] PHP   1. {main}() /home/ubuntu/workspace/Server/php/commands.php:0
[07-Dec-2018 15:35:56 UTC] PHP   2. dbConnection() /home/ubuntu/workspace/Server/php/commands.php:11
[07-Dec-2018 15:35:56 UTC] PHP   3. mysqli->mysqli() /home/ubuntu/workspace/Server/php/dblogin.php:9
[07-Dec-2018 15:36:41 UTC] PHP Warning:  mysqli::mysqli(): (HY000/1049): Unknown database 'SnippetDatabase' in /home/ubuntu/workspace/Server/php/dblogin.php on line 9
[07-Dec-2018 15:36:41 UTC] PHP Stack trace:
[07-Dec-2018 15:36:41 UTC] PHP   1. {main}() /home/ubuntu/workspace/Server/php/commands.php:0
[07-Dec-2018 15:36:41 UTC] PHP   2. dbConnection() /home/ubuntu/workspace/Server/php/commands.php:11
[07-Dec-2018 15:36:41 UTC] PHP   3. mysqli->mysqli() /home/ubuntu/workspace/Server/php/dblogin.php:9
[07-Dec-2018 15:36:41 UTC] PHP Warning:  mysqli::mysqli(): (HY000/1049): Unknown database 'SnippetDatabase' in /home/ubuntu/workspace/Server/php/dblogin.php on line 9
[07-Dec-2018 15:36:41 UTC] PHP Stack trace:
[07-Dec-2018 15:36:41 UTC] PHP   1. {main}() /home/ubuntu/workspace/Server/php/commands.php:0
[07-Dec-2018 15:36:41 UTC] PHP   2. dbConnection() /home/ubuntu/workspace/Server/php/commands.php:11
[07-Dec-2018 15:36:41 UTC] PHP   3. mysqli->mysqli() /home/ubuntu/workspace/Server/php/dblogin.php:9
[07-Dec-2018 15:36:41 UTC] PHP Warning:  mysqli::mysqli(): (HY000/1049): Unknown database 'SnippetDatabase' in /home/ubuntu/workspace/Server/php/dblogin.php on line 9
[07-Dec-2018 15:36:41 UTC] PHP Stack trace:
[07-Dec-2018 15:36:41 UTC] PHP   1. {main}() /home/ubuntu/workspace/Server/php/commands.php:0
[07-Dec-2018 15:36:41 UTC] PHP   2. dbConnection() /home/ubuntu/workspace/Server/php/commands.php:11
[07-Dec-2018 15:36:41 UTC] PHP   3. mysqli->mysqli() /home/ubuntu/workspace/Server/php/dblogin.php:9
[07-Dec-2018 15:36:59 UTC] PHP Warning:  mysqli::mysqli(): (HY000/1049): Unknown database 'SnippetDatabase' in /home/ubuntu/workspace/Server/php/dblogin.php on line 9
[07-Dec-2018 15:36:59 UTC] PHP Stack trace:
[07-Dec-2018 15:36:59 UTC] PHP   1. {main}() /home/ubuntu/workspace/Server/php/commands.php:0
[07-Dec-2018 15:36:59 UTC] PHP   2. dbConnection() /home/ubuntu/workspace/Server/php/commands.php:11
[07-Dec-2018 15:36:59 UTC] PHP   3. mysqli->mysqli() /home/ubuntu/workspace/Server/php/dblogin.php:9
[07-Dec-2018 15:43:48 UTC] PHP Warning:  mysqli::mysqli(): (HY000/1049): Unknown database 'SnippetDatabase' in /home/ubuntu/workspace/Server/php/dblogin.php on line 9
[07-Dec-2018 15:43:48 UTC] PHP Stack trace:
[07-Dec-2018 15:43:48 UTC] PHP   1. {main}() /home/ubuntu/workspace/Server/php/commands.php:0
[07-Dec-2018 15:43:48 UTC] PHP   2. dbConnection() /home/ubuntu/workspace/Server/php/commands.php:11
[07-Dec-2018 15:43:48 UTC] PHP   3. mysqli->mysqli() /home/ubuntu/workspace/Server/php/dblogin.php:9
[07-Dec-2018 15:43:48 UTC] PHP Warning:  mysqli::mysqli(): (HY000/1049): Unknown database 'SnippetDatabase' in /home/ubuntu/workspace/Server/php/dblogin.php on line 9
[07-Dec-2018 15:43:48 UTC] PHP Stack trace:
[07-Dec-2018 15:43:48 UTC] PHP   1. {main}() /home/ubuntu/workspace/Server/php/commands.php:0
[07-Dec-2018 15:43:48 UTC] PHP   2. dbConnection() /home/ubuntu/workspace/Server/php/commands.php:11
[07-Dec-2018 15:43:48 UTC] PHP   3. mysqli->mysqli() /home/ubuntu/workspace/Server/php/dblogin.php:9
[07-Dec-2018 15:43:48 UTC] PHP Warning:  mysqli::mysqli(): (HY000/1049): Unknown database 'SnippetDatabase' in /home/ubuntu/workspace/Server/php/dblogin.php on line 9
[07-Dec-2018 15:43:48 UTC] PHP Stack trace:
[07-Dec-2018 15:43:48 UTC] PHP   1. {main}() /home/ubuntu/workspace/Server/php/commands.php:0
[07-Dec-2018 15:43:48 UTC] PHP   2. dbConnection() /home/ubuntu/workspace/Server/php/commands.php:11
[07-Dec-2018 15:43:48 UTC] PHP   3. mysqli->mysqli() /home/ubuntu/workspace/Server/php/dblogin.php:9
[07-Dec-2018 15:44:07 UTC] PHP Warning:  mysqli::mysqli(): (HY000/1049): Unknown database 'SnippetDatabase' in /home/ubuntu/workspace/Server/php/dblogin.php on line 9
[07-Dec-2018 15:44:07 UTC] PHP Stack trace:
[07-Dec-2018 15:44:07 UTC] PHP   1. {main}() /home/ubuntu/workspace/Server/php/commands.php:0
[07-Dec-2018 15:44:07 UTC] PHP   2. dbConnection() /home/ubuntu/workspace/Server/php/commands.php:11
[07-Dec-2018 15:44:07 UTC] PHP   3. mysqli->mysqli() /home/ubuntu/workspace/Server/php/dblogin.php:9
